<?xml version="1.0" encoding="UTF-8"?>
<!-- Generated by org.testng.reporters.JUnitXMLReporter -->
<testsuite hostname="Antonio-PC" ignored="0" name="Default test" tests="3" failures="0" timestamp="30 apr 2019 12:11:16 GMT" time="0.574" errors="0">
  <testcase name="testData" time="0.01" classname="parameterization.TestNGParameterizationExcel"/>
  <testcase name="testData" time="0.0" classname="parameterization.TestNGParameterizationExcel"/>
  <testcase name="testData" time="0.0" classname="parameterization.TestNGParameterizationExcel"/>
</testsuite> <!-- Default test -->
