<?xml version="1.0" encoding="UTF-8"?>
<!-- Generated by org.testng.reporters.JUnitXMLReporter -->
<testsuite hostname="Antonio-PC" ignored="0" name="Default test" tests="3" failures="0" timestamp="29 apr 2019 13:35:05 GMT" time="0.032" errors="0">
  <testcase name="doLogin" time="0.016" classname="parameterization.TestParameterization"/>
  <testcase name="doLogin" time="0.0" classname="parameterization.TestParameterization"/>
  <testcase name="doLogin" time="0.0" classname="parameterization.TestParameterization"/>
</testsuite> <!-- Default test -->
