<?xml version="1.0" encoding="UTF-8"?>
<testng-results skipped="0" failed="0" ignored="0" total="3" passed="3">
  <reporter-output>
  </reporter-output>
  <suite name="Default suite" duration-ms="32" started-at="2019-04-29T13:35:04Z" finished-at="2019-04-29T13:35:04Z">
    <groups>
    </groups>
    <test name="Default test" duration-ms="32" started-at="2019-04-29T13:35:04Z" finished-at="2019-04-29T13:35:04Z">
      <class name="parameterization.TestParameterization">
        <test-method status="PASS" signature="doLogin(java.lang.String, java.lang.String)[pri:0, instance:parameterization.TestParameterization@6eebc39e]" name="doLogin" duration-ms="16" started-at="2019-04-29T15:35:04Z" data-provider="getData" finished-at="2019-04-29T15:35:04Z">
          <params>
            <param index="0">
              <value>
                <![CDATA[trainer@w2automation.com]]>
              </value>
            </param>
            <param index="1">
              <value>
                <![CDATA[pass123]]>
              </value>
            </param>
          </params>
          <reporter-output>
          </reporter-output>
        </test-method> <!-- doLogin -->
        <test-method status="PASS" signature="doLogin(java.lang.String, java.lang.String)[pri:0, instance:parameterization.TestParameterization@6eebc39e]" name="doLogin" duration-ms="0" started-at="2019-04-29T15:35:04Z" data-provider="getData" finished-at="2019-04-29T15:35:04Z">
          <params>
            <param index="0">
              <value>
                <![CDATA[trainer@w2automation.com]]>
              </value>
            </param>
            <param index="1">
              <value>
                <![CDATA[pass123]]>
              </value>
            </param>
          </params>
          <reporter-output>
          </reporter-output>
        </test-method> <!-- doLogin -->
        <test-method status="PASS" signature="doLogin(java.lang.String, java.lang.String)[pri:0, instance:parameterization.TestParameterization@6eebc39e]" name="doLogin" duration-ms="0" started-at="2019-04-29T15:35:04Z" data-provider="getData" finished-at="2019-04-29T15:35:04Z">
          <params>
            <param index="0">
              <value>
                <![CDATA[trainer@w2automation.com]]>
              </value>
            </param>
            <param index="1">
              <value>
                <![CDATA[pass123]]>
              </value>
            </param>
          </params>
          <reporter-output>
          </reporter-output>
        </test-method> <!-- doLogin -->
      </class> <!-- parameterization.TestParameterization -->
    </test> <!-- Default test -->
  </suite> <!-- Default suite -->
</testng-results>
