<?xml version="1.0" encoding="UTF-8"?>
<testng-results skipped="0" failed="0" ignored="0" total="3" passed="3">
  <reporter-output>
  </reporter-output>
  <suite name="Default suite" duration-ms="574" started-at="2019-04-30T12:11:15Z" finished-at="2019-04-30T12:11:16Z">
    <groups>
    </groups>
    <test name="Default test" duration-ms="574" started-at="2019-04-30T12:11:15Z" finished-at="2019-04-30T12:11:16Z">
      <class name="parameterization.TestNGParameterizationExcel">
        <test-method status="PASS" signature="testData(java.lang.String, java.lang.String, java.lang.String)[pri:0, instance:parameterization.TestNGParameterizationExcel@6eebc39e]" name="testData" duration-ms="10" started-at="2019-04-30T14:11:16Z" data-provider="getData" finished-at="2019-04-30T14:11:16Z">
          <params>
            <param index="0">
              <value>
                <![CDATA[trainer@way2automation.com]]>
              </value>
            </param>
            <param index="1">
              <value>
                <![CDATA[pass123]]>
              </value>
            </param>
            <param index="2">
              <value>
                <![CDATA[Y]]>
              </value>
            </param>
          </params>
          <reporter-output>
          </reporter-output>
        </test-method> <!-- testData -->
        <test-method status="PASS" signature="testData(java.lang.String, java.lang.String, java.lang.String)[pri:0, instance:parameterization.TestNGParameterizationExcel@6eebc39e]" name="testData" duration-ms="0" started-at="2019-04-30T14:11:16Z" data-provider="getData" finished-at="2019-04-30T14:11:16Z">
          <params>
            <param index="0">
              <value>
                <![CDATA[java@way2automation.com]]>
              </value>
            </param>
            <param index="1">
              <value>
                <![CDATA[pass123]]>
              </value>
            </param>
            <param index="2">
              <value>
                <![CDATA[N]]>
              </value>
            </param>
          </params>
          <reporter-output>
          </reporter-output>
        </test-method> <!-- testData -->
        <test-method status="PASS" signature="testData(java.lang.String, java.lang.String, java.lang.String)[pri:0, instance:parameterization.TestNGParameterizationExcel@6eebc39e]" name="testData" duration-ms="0" started-at="2019-04-30T14:11:16Z" data-provider="getData" finished-at="2019-04-30T14:11:16Z">
          <params>
            <param index="0">
              <value>
                <![CDATA[seleniumcoaching@gmail.com]]>
              </value>
            </param>
            <param index="1">
              <value>
                <![CDATA[pass123]]>
              </value>
            </param>
            <param index="2">
              <value>
                <![CDATA[N]]>
              </value>
            </param>
          </params>
          <reporter-output>
          </reporter-output>
        </test-method> <!-- testData -->
      </class> <!-- parameterization.TestNGParameterizationExcel -->
    </test> <!-- Default test -->
  </suite> <!-- Default suite -->
</testng-results>
